<?xml version="1.0" encoding="UTF-8"?>
<testsuite name="exambyte.controller.studenten.StudentenControllerTestBearbeitenPageTest" tests="7" skipped="0" failures="0" errors="0" timestamp="2024-11-30T12:05:45" hostname="KERSTIN-SURFACE" time="0.317">
  <properties/>
  <testcase name="Der Pfad /studenten/testBearbeitung/0/1 führt zur TestBearbeitenPage zeigt die Weiter und Zurück Buttons." classname="exambyte.controller.studenten.StudentenControllerTestBearbeitenPageTest" time="0.102"/>
  <testcase name="Wenn man eine Antwort in die Freitextaufgabe eingibt, wird diese gespeichert." classname="exambyte.controller.studenten.StudentenControllerTestBearbeitenPageTest" time="0.059"/>
  <testcase name="Der Pfad /studenten/testBearbeitung/0/0 führt zur TestBearbeitenPage und zeigt die Fragestellung, die Antwortmöglichkeiten und die Punktzahl der MC Aufgabe." classname="exambyte.controller.studenten.StudentenControllerTestBearbeitenPageTest" time="0.04"/>
  <testcase name="Der Pfad /studenten/testBearbeitung/0/0 führt für Nicht-Studenten zur Github Anmeldung." classname="exambyte.controller.studenten.StudentenControllerTestBearbeitenPageTest" time="0.02"/>
  <testcase name="Der Pfad /studenten/testBearbeitung/0/0 führt zur TestBearbeitenPage und zeigt die Fragestellung und die Punktzahl der Freitextaufgabe." classname="exambyte.controller.studenten.StudentenControllerTestBearbeitenPageTest" time="0.025"/>
  <testcase name="Der Pfad /studenten/testBearbeitung/0/0 führt zur TestBearbeitenPage" classname="exambyte.controller.studenten.StudentenControllerTestBearbeitenPageTest" time="0.022"/>
  <testcase name="Der Pfad /studenten/testBearbeitung/0/0 führt zur TestBearbeitenPage zeigt nicht die Weiter und Zurück Buttons." classname="exambyte.controller.studenten.StudentenControllerTestBearbeitenPageTest" time="0.025"/>
  <system-out><![CDATA[]]></system-out>
  <system-err><![CDATA[]]></system-err>
</testsuite>
