<?xml version="1.0" encoding="UTF-8"?>
<testsuite name="exambyte.controller.anmeldung.AnmeldungControllerTest" tests="6" skipped="0" failures="0" errors="0" timestamp="2024-11-21T11:43:36" hostname="KERSTIN-SURFACE" time="0.805">
  <properties/>
  <testcase name="Ein Student bekommt nur den Studenten Button angezeigt" classname="exambyte.controller.anmeldung.AnmeldungControllerTest" time="0.689"/>
  <testcase name="Ein User mit allen Rollen bekommt alle drei Buttons angezeigt." classname="exambyte.controller.anmeldung.AnmeldungControllerTest" time="0.021"/>
  <testcase name="Ein User ohne Rolle bekommt nur eine Info Nachricht angezeigt und keinen Button" classname="exambyte.controller.anmeldung.AnmeldungControllerTest" time="0.033"/>
  <testcase name="Ein Organisator bekommt nur den Organisator Button angezeigt." classname="exambyte.controller.anmeldung.AnmeldungControllerTest" time="0.024"/>
  <testcase name="Ein Korrektor bekommt nur den Korrektor Button angezeigt." classname="exambyte.controller.anmeldung.AnmeldungControllerTest" time="0.01"/>
  <testcase name="Wenn der Pfad / geöffnet wird, soll man zur GitHub Anmeldung redirected werden" classname="exambyte.controller.anmeldung.AnmeldungControllerTest" time="0.014"/>
  <system-out><![CDATA[]]></system-out>
  <system-err><![CDATA[]]></system-err>
</testsuite>
