<?xml version="1.0" encoding="UTF-8"?>
<testsuite name="exambyte.controller.korrektoren.KorrektorenControllerLandingPageTest" tests="9" skipped="0" failures="0" errors="0" timestamp="2024-12-13T21:28:08" hostname="KERSTIN-SURFACE" time="0.605">
  <properties/>
  <testcase name="Die Seite /korrektoren/landingPage ist für Korrektoren erreichbar." classname="exambyte.controller.korrektoren.KorrektorenControllerLandingPageTest" time="0.252"/>
  <testcase name="Die Seite /korrektoren/landingPage ist für Nicht-angemeldete nicht erreichbar." classname="exambyte.controller.korrektoren.KorrektorenControllerLandingPageTest" time="0.011"/>
  <testcase name="Die Seite /korrektoren/landingPage zeigt die richtigen Testnamen an." classname="exambyte.controller.korrektoren.KorrektorenControllerLandingPageTest" time="0.087"/>
  <testcase name="Die Seite /korrektoren/landingPage/zeigeAufgaben/BeispielTestName zeigt die richtigen Aufgaben an." classname="exambyte.controller.korrektoren.KorrektorenControllerLandingPageTest" time="0.045"/>
  <testcase name="Die Seite /korrektoren/landingPage/zeigeAbgaben/BeispielTestName/Aufgabe zeigt die richtigen Studi IDs an." classname="exambyte.controller.korrektoren.KorrektorenControllerLandingPageTest" time="0.028"/>
  <testcase name="Die Seite /korrektoren/landingPage/zeigeAbgabe/122 zeigt die richtige Abgabe an." classname="exambyte.controller.korrektoren.KorrektorenControllerLandingPageTest" time="0.076"/>
  <testcase name="Eine vollständige Korrektur wird erfolgreich abgeschickt" classname="exambyte.controller.korrektoren.KorrektorenControllerLandingPageTest" time="0.054"/>
  <testcase name="Eine leerer Feedbacktext darf bei voller Punktzahl abgeschickt werden." classname="exambyte.controller.korrektoren.KorrektorenControllerLandingPageTest" time="0.014"/>
  <testcase name="Eine leerer Feedbacktext darf bei leerer StudiAntwort abgeschickt werden." classname="exambyte.controller.korrektoren.KorrektorenControllerLandingPageTest" time="0.012"/>
  <system-out><![CDATA[]]></system-out>
  <system-err><![CDATA[]]></system-err>
</testsuite>
