<?xml version="1.0" encoding="UTF-8"?>
<testsuite name="exambyte.studenten.StudentenControllerLandingPageTest" tests="1" skipped="0" failures="1" errors="0" timestamp="2024-11-21T09:36:38" hostname="KERSTIN-SURFACE" time="0.0">
  <properties/>
  <testcase name="initializationError" classname="exambyte.studenten.StudentenControllerLandingPageTest" time="0.0">
    <failure message="java.lang.NoClassDefFoundError: exambyte/studenten/TestService" type="java.lang.NoClassDefFoundError">java.lang.NoClassDefFoundError: exambyte/studenten/TestService
	at java.base/java.lang.Class.getDeclaredFields0(Native Method)
	at java.base/java.lang.Class.privateGetDeclaredFields(Class.java:3473)
	at java.base/java.lang.Class.getDeclaredFields(Class.java:2542)
	at java.base/java.util.ArrayList.forEach(ArrayList.java:1596)
Caused by: java.lang.ClassNotFoundException: exambyte.studenten.TestService
	at java.base/jdk.internal.loader.BuiltinClassLoader.loadClass(BuiltinClassLoader.java:641)
	at java.base/jdk.internal.loader.ClassLoaders$AppClassLoader.loadClass(ClassLoaders.java:188)
	at java.base/java.lang.ClassLoader.loadClass(ClassLoader.java:526)
	... 4 more
</failure>
  </testcase>
  <system-out><![CDATA[]]></system-out>
  <system-err><![CDATA[]]></system-err>
</testsuite>
