<?xml version="1.0" encoding="UTF-8"?>
<testsuite name="exambyte.controller.organisatoren.OrganisatorenControllerTest" tests="8" skipped="0" failures="0" errors="0" timestamp="2024-11-21T15:45:07" hostname="KERSTIN-SURFACE" time="0.518">
  <properties/>
  <testcase name="Die Organisatoren LandingPage ist unter /organisatoren/landingPage erreichbar" classname="exambyte.controller.organisatoren.OrganisatorenControllerTest" time="0.193"/>
  <testcase name="Test Erstellen Seite ist unter /organisatoren/testErstellen erreichbar" classname="exambyte.controller.organisatoren.OrganisatorenControllerTest" time="0.072"/>
  <testcase name="Korrekturstand Seite ist unter /organisatoren/korrekturstand erreichbar" classname="exambyte.controller.organisatoren.OrganisatorenControllerTest" time="0.044"/>
  <testcase name="MC-Frage Seite redirected zu /organisatoren/testErstellen" classname="exambyte.controller.organisatoren.OrganisatorenControllerTest" time="0.072"/>
  <testcase name="Freitext-Frage Seite redirected zu /organisatoren/testErstellen" classname="exambyte.controller.organisatoren.OrganisatorenControllerTest" time="0.024"/>
  <testcase name="Hinzufügen eines Titels bei MC-Frage redirected zu /organisatoren/testErstellen" classname="exambyte.controller.organisatoren.OrganisatorenControllerTest" time="0.024"/>
  <testcase name="Hinzufügen einer Fragestellung bei MC-Frage redirected zu /organisatoren/testErstellen" classname="exambyte.controller.organisatoren.OrganisatorenControllerTest" time="0.024"/>
  <testcase name="Hinzufügen einer Punktzahl bei MC-Frage redirected zu /organisatoren/testErstellen" classname="exambyte.controller.organisatoren.OrganisatorenControllerTest" time="0.022"/>
  <system-out><![CDATA[]]></system-out>
  <system-err><![CDATA[]]></system-err>
</testsuite>
