<?xml version="1.0" encoding="UTF-8"?>
<testsuite name="exambyte.persistence.studenten.StudiTestRepoImplTest" tests="3" skipped="0" failures="0" errors="0" timestamp="2024-12-14T19:09:35" hostname="KERSTIN-SURFACE" time="0.03">
  <properties/>
  <testcase name="Der StudiTest mit ID = 1627 kann gespeichert und geladen werden" classname="exambyte.persistence.studenten.StudiTestRepoImplTest" time="0.001"/>
  <testcase name="Der StudiTest mit ID = 1627 kann gespeichert werden und die hasTestWithId Methode funktioniert." classname="exambyte.persistence.studenten.StudiTestRepoImplTest" time="0.002"/>
  <testcase name="Die loadTestList beinhaltet die gespeicherten Tests." classname="exambyte.persistence.studenten.StudiTestRepoImplTest" time="0.022"/>
  <system-out><![CDATA[]]></system-out>
  <system-err><![CDATA[]]></system-err>
</testsuite>
