<?xml version="1.0" encoding="UTF-8"?>
<testsuite name="exambyte.persistence.korrektoren.AbgabenRepoImplTest" tests="3" skipped="0" failures="0" errors="0" timestamp="2024-12-14T19:09:35" hostname="KERSTIN-SURFACE" time="0.006">
  <properties/>
  <testcase name="Das Abgabenrepo kann Abgaben speichern und laden" classname="exambyte.persistence.korrektoren.AbgabenRepoImplTest" time="0.001"/>
  <testcase name="Das loadAbgabeWithId Methode liefert die richtige Abgabe" classname="exambyte.persistence.korrektoren.AbgabenRepoImplTest" time="0.002"/>
  <testcase name="Das loadAbgaben Methode liefert die richtige Abgabe" classname="exambyte.persistence.korrektoren.AbgabenRepoImplTest" time="0.001"/>
  <system-out><![CDATA[]]></system-out>
  <system-err><![CDATA[]]></system-err>
</testsuite>
