<?xml version="1.0" encoding="UTF-8"?>
<testsuite name="exambyte.ArchRuleTests" tests="5" skipped="0" failures="0" errors="0" timestamp="2024-11-30T12:05:06" hostname="KERSTIN-SURFACE" time="8.167">
  <properties/>
  <testcase name="nurControllerInControllerKlassen" classname="exambyte.ArchRuleTests" time="6.908"/>
  <testcase name="onionArchitecture" classname="exambyte.ArchRuleTests" time="1.227"/>
  <testcase name="jedesAggregatRootIstAnnotiert" classname="exambyte.ArchRuleTests" time="0.017"/>
  <testcase name="serviceKlassenSindMitServiceAnnotiert" classname="exambyte.ArchRuleTests" time="0.003"/>
  <testcase name="repositoriesSindMitRepositoryAnnotiert" classname="exambyte.ArchRuleTests" time="0.001"/>
  <system-out><![CDATA[13:05:06.468 [Test worker] INFO com.tngtech.archunit.core.PluginLoader -- Detected Java version 21.0.2
]]></system-out>
  <system-err><![CDATA[]]></system-err>
</testsuite>
