<?xml version="1.0" encoding="UTF-8"?>
<testsuite name="exambyte.anmeldung.AnmeldungControllerTest" tests="1" skipped="0" failures="1" errors="0" timestamp="2024-11-13T23:17:46" hostname="KERSTIN-SURFACE" time="2.47">
  <properties/>
  <testcase name="Wenn der Pfad /anmeldung geÃ¶ffnet wird, soll man zur AnmeldungPage geleitet werden" classname="exambyte.anmeldung.AnmeldungControllerTest" time="2.47">
    <failure message="java.lang.AssertionError: Status expected:&lt;200&gt; but was:&lt;401&gt;" type="java.lang.AssertionError">java.lang.AssertionError: Status expected:&lt;200&gt; but was:&lt;401&gt;
	at org.springframework.test.util.AssertionErrors.fail(AssertionErrors.java:59)
	at org.springframework.test.util.AssertionErrors.assertEquals(AssertionErrors.java:122)
	at org.springframework.test.web.servlet.result.StatusResultMatchers.lambda$matcher$9(StatusResultMatchers.java:637)
	at org.springframework.test.web.servlet.MockMvc$1.andExpect(MockMvc.java:214)
	at exambyte.anmeldung.AnmeldungControllerTest.test_anmeldenPage(AnmeldungControllerTest.java:22)
	at java.base/java.lang.reflect.Method.invoke(Method.java:580)
	at java.base/java.util.ArrayList.forEach(ArrayList.java:1596)
	at java.base/java.util.ArrayList.forEach(ArrayList.java:1596)
</failure>
  </testcase>
  <system-out><![CDATA[00:17:41.121 [Test worker] INFO org.springframework.test.context.support.AnnotationConfigContextLoaderUtils -- Could not detect default configuration classes for test class [exambyte.anmeldung.AnmeldungControllerTest]: AnmeldungControllerTest does not declare any static, non-private, non-final, nested classes annotated with @Configuration.
00:17:41.603 [Test worker] INFO org.springframework.boot.test.context.SpringBootTestContextBootstrapper -- Found @SpringBootConfiguration exambyte.ExambyteProjektApplication for test class exambyte.anmeldung.AnmeldungControllerTest
2024-11-14T00:17:46.015+01:00  WARN 1508 --- [ExambyteProjekt] [    Test worker] .s.s.UserDetailsServiceAutoConfiguration : 

Using generated security password: 519994ca-a739-4fe1-b8c3-2d55c893a2bf

This generated password is for development use only. Your security configuration must be updated before running your application in production.


MockHttpServletRequest:
      HTTP Method = GET
      Request URI = /anmeldung
       Parameters = {}
          Headers = []
             Body = null
    Session Attrs = {SPRING_SECURITY_SAVED_REQUEST=DefaultSavedRequest [http://localhost/anmeldung?continue]}

Handler:
             Type = null

Async:
    Async started = false
     Async result = null

Resolved Exception:
             Type = null

ModelAndView:
        View name = null
             View = null
            Model = null

FlashMap:
       Attributes = null

MockHttpServletResponse:
           Status = 401
    Error message = Unauthorized
          Headers = [WWW-Authenticate:"Basic realm="Realm"", X-Content-Type-Options:"nosniff", X-XSS-Protection:"0", Cache-Control:"no-cache, no-store, max-age=0, must-revalidate", Pragma:"no-cache", Expires:"0", X-Frame-Options:"DENY"]
     Content type = null
             Body = 
    Forwarded URL = null
   Redirected URL = null
          Cookies = []
]]></system-out>
  <system-err><![CDATA[WARNING: A Java agent has been loaded dynamically (C:\Users\kerst\.gradle\caches\modules-2\files-2.1\net.bytebuddy\byte-buddy-agent\1.14.19\154da3a65b4f4a909d3e5bdec55d1b2b4cbb6ce1\byte-buddy-agent-1.14.19.jar)
WARNING: If a serviceability tool is in use, please run with -XX:+EnableDynamicAgentLoading to hide this warning
WARNING: If a serviceability tool is not in use, please run with -Djdk.instrument.traceUsage for more information
WARNING: Dynamic loading of agents will be disallowed by default in a future release
]]></system-err>
</testsuite>
