<?xml version="1.0" encoding="UTF-8"?>
<testsuite name="exambyte.anmeldung.AnmeldungControllerTest" tests="2" skipped="0" failures="0" errors="0" timestamp="2024-10-30T22:49:20" hostname="KERSTIN-SURFACE" time="2.299">
  <properties/>
  <testcase name="Wenn das Formular mit nicht-korrekten Daten abgeschickt wird, bekommt man eine Fehlermeldung und einen 302 Status" classname="exambyte.anmeldung.AnmeldungControllerTest" time="1.725"/>
  <testcase name="Wenn der Pfad /anmeldung geöffnet wird, soll man zur AnmeldungPage geleitet werden" classname="exambyte.anmeldung.AnmeldungControllerTest" time="0.57"/>
  <system-out><![CDATA[23:49:16.458 [Test worker] INFO org.springframework.test.context.support.AnnotationConfigContextLoaderUtils -- Could not detect default configuration classes for test class [exambyte.anmeldung.AnmeldungControllerTest]: AnmeldungControllerTest does not declare any static, non-private, non-final, nested classes annotated with @Configuration.
23:49:16.773 [Test worker] INFO org.springframework.boot.test.context.SpringBootTestContextBootstrapper -- Found @SpringBootConfiguration exambyte.ExambyteProjektApplication for test class exambyte.anmeldung.AnmeldungControllerTest
]]></system-out>
  <system-err><![CDATA[WARNING: A Java agent has been loaded dynamically (C:\Users\kerst\.gradle\caches\modules-2\files-2.1\net.bytebuddy\byte-buddy-agent\1.14.19\154da3a65b4f4a909d3e5bdec55d1b2b4cbb6ce1\byte-buddy-agent-1.14.19.jar)
WARNING: If a serviceability tool is in use, please run with -XX:+EnableDynamicAgentLoading to hide this warning
WARNING: If a serviceability tool is not in use, please run with -Djdk.instrument.traceUsage for more information
WARNING: Dynamic loading of agents will be disallowed by default in a future release
]]></system-err>
</testsuite>
